{
  "RSpec": {
    "coverage": {
      "/Users/sharonbriscoe/Makers/Practices/Week4/Bookmark/Bookmark_Manager/spec/bookmark_spec.rb": [
        1,
        1,
        1,
        null,
        null,
        1,
        0,
        0,
        null,
        0,
        null,
        0,
        0,
        0,
        0,
        0,
        null,
        null,
        null,
        1,
        1,
        1,
        null,
        0,
        0,
        null,
        null,
        null,
        1,
        1,
        2,
        null,
        null
      ],
      "/Users/sharonbriscoe/Makers/Practices/Week4/Bookmark/Bookmark_Manager/spec/features/create_bookmark_title_spec.rb": [
        1,
        1,
        1,
        1,
        1,
        1,
        null,
        0,
        null,
        null
      ],
      "/Users/sharonbriscoe/Makers/Practices/Week4/Bookmark/Bookmark_Manager/spec/features/create_bookmarks_spec.rb": [
        1,
        1,
        1,
        1,
        1,
        1,
        null,
        0,
        null,
        null
      ],
      "/Users/sharonbriscoe/Makers/Practices/Week4/Bookmark/Bookmark_Manager/spec/features/delete_bookmark_spec.rb": [
        1,
        1,
        2,
        2,
        2,
        null,
        1,
        1,
        1,
        null,
        1,
        1,
        1,
        1,
        null,
        null
      ],
      "/Users/sharonbriscoe/Makers/Practices/Week4/Bookmark/Bookmark_Manager/spec/features/edit_bookmark_spec.rb": [
        1,
        1,
        2,
        2,
        2,
        null,
        1,
        1,
        1,
        null,
        1,
        1,
        1,
        1,
        1,
        1,
        1,
        null,
        null
      ],
      "/Users/sharonbriscoe/Makers/Practices/Week4/Bookmark/Bookmark_Manager/spec/features/list_bookmarks_spec.rb": [
        null,
        null,
        null,
        null,
        null,
        null
      ],
      "/Users/sharonbriscoe/Makers/Practices/Week4/Bookmark/Bookmark_Manager/spec/features/validate_url_spec.rb": [
        1,
        1,
        1,
        1,
        1,
        null,
        null
      ],
      "/Users/sharonbriscoe/Makers/Practices/Week4/Bookmark/Bookmark_Manager/spec/features/viewing_bookmarks_spec.rb": [
        1,
        null,
        1,
        1,
        null,
        null,
        null,
        1,
        0,
        0,
        null,
        0,
        null,
        0,
        0,
        0,
        null,
        null
      ]
    },
    "timestamp": 1542819096
  }
}
