{
  "RSpec": {
    "coverage": {
      "/Users/sharonbriscoe/Makers/Practices/Week4/Bookmark/Bookmark_Manager/spec/bookmark_spec.rb": [
        1,
        1,
        1,
        1,
        1,
        1,
        null,
        1,
        null,
        1,
        1,
        1,
        null,
        null,
        null,
        1,
        1,
        1,
        null,
        1,
        null,
        null
      ],
      "/Users/sharonbriscoe/Makers/Practices/Week4/Bookmark/Bookmark_Manager/spec/features/create_bookmarks_spec.rb": [
        1,
        1,
        1,
        1,
        1,
        null,
        1,
        null,
        null
      ],
      "/Users/sharonbriscoe/Makers/Practices/Week4/Bookmark/Bookmark_Manager/spec/features/list_bookmarks_spec.rb": [
        1,
        1,
        1,
        1,
        null,
        null
      ],
      "/Users/sharonbriscoe/Makers/Practices/Week4/Bookmark/Bookmark_Manager/spec/features/viewing_bookmarks_spec.rb": [
        1,
        null,
        1,
        1,
        1,
        null,
        null,
        1,
        1,
        1,
        null,
        1,
        null,
        1,
        1,
        1,
        null,
        null
      ]
    },
    "timestamp": 1542757110
  }
}
